<?xml version="1.0" encoding="UTF-8"?>
<!-- Generated by org.testng.reporters.JUnitXMLReporter -->
<testsuite ignored="2" hostname="JD-PC" failures="0" tests="3" name="Test" time="0.126" errors="0" timestamp="2022-02-21T16:07:49 EST">
  <testcase classname="tests.TestNGTut" name="TestData" time="0.009"/>
  <testcase classname="tests.TestNGTut" name="TestData" time="0.006"/>
  <testcase classname="tests.TestNGTut" name="getNamefromPara" time="0.003"/>
  <testcase classname="tests.TestNGTut" name="Mobiletest" time="0.0">
    <ignored/>
  </testcase> <!-- Mobiletest -->
  <testcase classname="tests.TestNGTut" name="MobileCheck" time="0.0">
    <ignored/>
  </testcase> <!-- MobileCheck -->
</testsuite> <!-- Test -->
