<?xml version="1.0" encoding="UTF-8"?>
<!-- Generated by org.testng.reporters.JUnitXMLReporter -->
<testsuite ignored="2" hostname="JD-PC" failures="0" tests="1" name="Test" time="0.107" errors="0" timestamp="2022-02-21T15:59:18 EST">
  <testcase classname="tests.TestNGTut" name="getNamefromPara" time="0.019"/>
  <testcase classname="tests.TestNGTut" name="Mobiletest" time="0.0">
    <ignored/>
  </testcase> <!-- Mobiletest -->
  <testcase classname="tests.TestNGTut" name="MobileCheck" time="0.0">
    <ignored/>
  </testcase> <!-- MobileCheck -->
</testsuite> <!-- Test -->
