<?xml version="1.0" encoding="UTF-8"?>
<testng-results ignored="2" total="3" passed="1" failed="0" skipped="0">
  <reporter-output>
  </reporter-output>
  <suite started-at="2022-02-21T15:59:18 EST" name="Suite" finished-at="2022-02-21T15:59:18 EST" duration-ms="107">
    <groups>
    </groups>
    <test started-at="2022-02-21T15:59:18 EST" name="Test" finished-at="2022-02-21T15:59:18 EST" duration-ms="107">
      <class name="tests.TestNGTut">
        <test-method is-config="true" signature="beforetest()[pri:0, instance:tests.TestNGTut@2f8dad04]" started-at="2022-02-21T15:59:18 EST" name="beforetest" finished-at="2022-02-21T15:59:18 EST" duration-ms="17" status="PASS">
          <reporter-output>
          </reporter-output>
        </test-method> <!-- beforetest -->
        <test-method signature="getNamefromPara(java.lang.String)[pri:0, instance:tests.TestNGTut@2f8dad04]" started-at="2022-02-21T15:59:18 EST" name="getNamefromPara" finished-at="2022-02-21T15:59:18 EST" duration-ms="19" status="PASS">
          <params>
            <param index="0">
              <value>
                <![CDATA[random name]]>
              </value>
            </param>
          </params>
          <reporter-output>
          </reporter-output>
        </test-method> <!-- getNamefromPara -->
        <test-method is-config="true" signature="MobileAftertest()[pri:0, instance:tests.TestNGTut@2f8dad04]" started-at="2022-02-21T15:59:18 EST" name="MobileAftertest" finished-at="2022-02-21T15:59:18 EST" duration-ms="1" status="PASS">
          <reporter-output>
          </reporter-output>
        </test-method> <!-- MobileAftertest -->
      </class> <!-- tests.TestNGTut -->
    </test> <!-- Test -->
  </suite> <!-- Suite -->
</testng-results>
